Start testing: Nov 13 22:38 IST
----------------------------------------------------------
1/1 Testing: TestConverter
1/1 Test: TestConverter
Command: "/home/pi/projects/cpp/Uds_Simulator/bin/test1" "COMMAND" "test1"
Directory: /home/pi/projects/cpp/Uds_Simulator
"TestConverter" start time: Nov 13 22:38 IST
Output:
----------------------------------------------------------
[doctest] doctest version is "2.4.6"
[doctest] run with "--help" for options
===============================================================================
[doctest] test cases: 1 | 1 passed | 0 failed | 0 skipped
[doctest] assertions: 1 | 1 passed | 0 failed |
[doctest] Status: SUCCESS!
<end of output>
Test time =   0.01 sec
----------------------------------------------------------
Test Passed.
"TestConverter" end time: Nov 13 22:38 IST
"TestConverter" time elapsed: 00:00:00
----------------------------------------------------------

End testing: Nov 13 22:38 IST
